  AStarPathing.cpp
  AIPlayerController.cpp
  ErrorWarningAssert.cpp
  IntVec2.cpp
  MathUtils.cpp
  Pathing.cpp
  PlayerImplementation.cpp
d:\school_git\combatant\aicombatarena\source\playerimplementation.cpp(56): warning C4083: expected 'string'; found identifier '__FILE__LINE__'
  RandomNumberGenerator.cpp
  SmoothNoise.cpp
  StringUtils.cpp
  Vec2.cpp
     Creating library D:\School_Git\CombatAnt\AICombatArena\x64\Release\C28_Pronay_Peddiraju.lib and object D:\School_Git\CombatAnt\AICombatArena\x64\Release\C28_Pronay_Peddiraju.exp
  Generating code
d:\school_git\combatant\aicombatarena\source\aiplayercontroller.cpp(892): warning C4715: 'AIPlayerController::GetTileCostForAgentType': not all control paths return a value
  All 561 functions were compiled because no usable IPDB/IOBJ from previous compilation was found.
  Finished generating code
  AICombatArena.vcxproj -> D:\School_Git\CombatAnt\AICombatArena\x64\Release\C28_Pronay_Peddiraju.dll
  Copying C28_Pronay_Peddiraju.dll to Arena Players folder
  D:\School_Git\CombatAnt\AICombatArena\x64\Release\C28_Pronay_Peddiraju.dll -> D:\School_Git\CombatAnt\Arena\Run_Windows\Players\C28_Pronay_Peddiraju.dll
  1 File(s) copied
