d:\school_git\combatant\aicombatarena\x64\release\c28_pronay_peddiraju.lib
d:\school_git\combatant\aicombatarena\x64\release\c28_pronay_peddiraju.exp
d:\school_git\combatant\aicombatarena\x64\release\c28_pronay_peddiraju.ipdb
d:\school_git\combatant\aicombatarena\x64\release\c28_pronay_peddiraju.iobj
d:\school_git\combatant\aicombatarena\x64\release\vc141.pdb
d:\school_git\combatant\aicombatarena\x64\release\vec2.obj
d:\school_git\combatant\aicombatarena\x64\release\stringutils.obj
d:\school_git\combatant\aicombatarena\x64\release\smoothnoise.obj
d:\school_git\combatant\aicombatarena\x64\release\randomnumbergenerator.obj
d:\school_git\combatant\aicombatarena\x64\release\playerimplementation.obj
d:\school_git\combatant\aicombatarena\x64\release\pathing.obj
d:\school_git\combatant\aicombatarena\x64\release\mathutils.obj
d:\school_git\combatant\aicombatarena\x64\release\intvec2.obj
d:\school_git\combatant\aicombatarena\x64\release\errorwarningassert.obj
d:\school_git\combatant\aicombatarena\x64\release\aiplayercontroller.obj
d:\school_git\combatant\aicombatarena\x64\release\astarpathing.obj
d:\school_git\combatant\aicombatarena\x64\release\agent.obj
d:\school_git\combatant\aicombatarena\x64\release\c28_pronay_peddiraju.dll
d:\school_git\combatant\aicombatarena\x64\release\c28_pronay_peddiraju.pdb
d:\school_git\combatant\aicombatarena\x64\release\aicombatarena.tlog\aicombatarena.write.1u.tlog
d:\school_git\combatant\aicombatarena\x64\release\aicombatarena.tlog\cl.command.1.tlog
d:\school_git\combatant\aicombatarena\x64\release\aicombatarena.tlog\cl.read.1.tlog
d:\school_git\combatant\aicombatarena\x64\release\aicombatarena.tlog\cl.write.1.tlog
d:\school_git\combatant\aicombatarena\x64\release\aicombatarena.tlog\link.command.1.tlog
d:\school_git\combatant\aicombatarena\x64\release\aicombatarena.tlog\link.read.1.tlog
d:\school_git\combatant\aicombatarena\x64\release\aicombatarena.tlog\link.write.1.tlog
