d:\school_git\aicombatarena\aicombatarena\x64\debug\aicombatarena.lib
d:\school_git\aicombatarena\aicombatarena\x64\debug\aicombatarena.exp
d:\school_git\combatant\aicombatarena\x64\debug\aicombatarena.lib
d:\school_git\combatant\aicombatarena\x64\debug\aicombatarena.exp
d:\school_git\aicombatarena\aicombatarena\x64\debug\vc141.pdb
d:\school_git\aicombatarena\aicombatarena\x64\debug\vc141.idb
d:\school_git\aicombatarena\aicombatarena\x64\debug\aiplayercontroller.obj
d:\school_git\aicombatarena\aicombatarena\x64\debug\playerimplementation.obj
d:\school_git\combatant\aicombatarena\x64\debug\vc141.pdb
d:\school_git\combatant\aicombatarena\x64\debug\vc141.idb
d:\school_git\combatant\aicombatarena\x64\debug\playerimplementation.obj
d:\school_git\combatant\aicombatarena\x64\debug\aiplayercontroller.obj
d:\school_git\aicombatarena\aicombatarena\x64\debug\aicombatarena.dll
d:\school_git\aicombatarena\aicombatarena\x64\debug\aicombatarena.ilk
d:\school_git\aicombatarena\aicombatarena\x64\debug\aicombatarena.pdb
d:\school_git\combatant\aicombatarena\x64\debug\aicombatarena.dll
d:\school_git\combatant\aicombatarena\x64\debug\aicombatarena.ilk
d:\school_git\combatant\aicombatarena\x64\debug\aicombatarena.pdb
d:\school_git\combatant\aicombatarena\x64\debug\aicombatarena.tlog\aicombatarena.write.1u.tlog
d:\school_git\combatant\aicombatarena\x64\debug\aicombatarena.tlog\cl.command.1.tlog
d:\school_git\combatant\aicombatarena\x64\debug\aicombatarena.tlog\cl.read.1.tlog
d:\school_git\combatant\aicombatarena\x64\debug\aicombatarena.tlog\cl.write.1.tlog
d:\school_git\combatant\aicombatarena\x64\debug\aicombatarena.tlog\link.command.1.tlog
d:\school_git\combatant\aicombatarena\x64\debug\aicombatarena.tlog\link.read.1.tlog
d:\school_git\combatant\aicombatarena\x64\debug\aicombatarena.tlog\link.write.1.tlog
