d:\school_git\combatant\aicombatarena\x64\debug\c28_pronay_peddiraju.lib
d:\school_git\combatant\aicombatarena\x64\debug\c28_pronay_peddiraju.exp
d:\school_git\combatant\aicombatarena\x64\debug\vc141.pdb
d:\school_git\combatant\aicombatarena\x64\debug\vc141.idb
d:\school_git\combatant\aicombatarena\x64\debug\vec2.obj
d:\school_git\combatant\aicombatarena\x64\debug\stringutils.obj
d:\school_git\combatant\aicombatarena\x64\debug\smoothnoise.obj
d:\school_git\combatant\aicombatarena\x64\debug\randomnumbergenerator.obj
d:\school_git\combatant\aicombatarena\x64\debug\playerimplementation.obj
d:\school_git\combatant\aicombatarena\x64\debug\pathing.obj
d:\school_git\combatant\aicombatarena\x64\debug\mathutils.obj
d:\school_git\combatant\aicombatarena\x64\debug\intvec2.obj
d:\school_git\combatant\aicombatarena\x64\debug\errorwarningassert.obj
d:\school_git\combatant\aicombatarena\x64\debug\aiplayercontroller.obj
d:\school_git\combatant\aicombatarena\x64\debug\astarpathing.obj
d:\school_git\combatant\aicombatarena\x64\debug\c28_pronay_peddiraju.dll
d:\school_git\combatant\aicombatarena\x64\debug\c28_pronay_peddiraju.ilk
d:\school_git\combatant\aicombatarena\x64\debug\c28_pronay_peddiraju.pdb
d:\school_git\combatant\aicombatarena\x64\debug\aicombatarena.tlog\aicombatarena.write.1u.tlog
d:\school_git\combatant\aicombatarena\x64\debug\aicombatarena.tlog\cl.command.1.tlog
d:\school_git\combatant\aicombatarena\x64\debug\aicombatarena.tlog\cl.read.1.tlog
d:\school_git\combatant\aicombatarena\x64\debug\aicombatarena.tlog\cl.write.1.tlog
d:\school_git\combatant\aicombatarena\x64\debug\aicombatarena.tlog\link.command.1.tlog
d:\school_git\combatant\aicombatarena\x64\debug\aicombatarena.tlog\link.read.1.tlog
d:\school_git\combatant\aicombatarena\x64\debug\aicombatarena.tlog\link.write.1.tlog
